{"C:\\Users\\camil\\OneDrive\\Área de Trabalho\\estudos\\testes-automatizados\\src\\App.css": {"path":"C:\\Users\\camil\\OneDrive\\Área de Trabalho\\estudos\\testes-automatizados\\src\\App.css","statementMap":{},"fnMap":{},"branchMap":{},"s":{},"f":{},"b":{},"meta":{"lastBranch":0,"lastFunction":0,"lastStatement":0,"seen":{}}}
,"C:\\Users\\camil\\OneDrive\\Área de Trabalho\\estudos\\testes-automatizados\\src\\App.tsx": {"path":"C:\\Users\\camil\\OneDrive\\Área de Trabalho\\estudos\\testes-automatizados\\src\\App.tsx","statementMap":{"0":{"start":{"line":5,"column":2},"end":{"line":9,"column":null}}},"fnMap":{"0":{"name":"App","decl":{"start":{"line":3,"column":9},"end":{"line":3,"column":15}},"loc":{"start":{"line":3,"column":15},"end":{"line":11,"column":null}},"line":3}},"branchMap":{},"s":{"0":2},"f":{"0":2},"b":{},"meta":{"lastBranch":0,"lastFunction":1,"lastStatement":1,"seen":{"f:3:9:3:15":0,"s:5:2:9:Infinity":0}}}
,"C:\\Users\\camil\\OneDrive\\Área de Trabalho\\estudos\\testes-automatizados\\src\\dashboard\\index.tsx": {"path":"C:\\Users\\camil\\OneDrive\\Área de Trabalho\\estudos\\testes-automatizados\\src\\dashboard\\index.tsx","statementMap":{"0":{"start":{"line":4,"column":4},"end":{"line":7,"column":null}}},"fnMap":{"0":{"name":"Dashboard","decl":{"start":{"line":3,"column":24},"end":{"line":3,"column":36}},"loc":{"start":{"line":3,"column":36},"end":{"line":9,"column":null}},"line":3}},"branchMap":{},"s":{"0":1},"f":{"0":1},"b":{},"meta":{"lastBranch":0,"lastFunction":1,"lastStatement":1,"seen":{"f:3:24:3:36":0,"s:4:4:7:Infinity":0}}}
,"C:\\Users\\camil\\OneDrive\\Área de Trabalho\\estudos\\testes-automatizados\\src\\dashboard\\styles.module.scss": {"path":"C:\\Users\\camil\\OneDrive\\Área de Trabalho\\estudos\\testes-automatizados\\src\\dashboard\\styles.module.scss","statementMap":{},"fnMap":{},"branchMap":{},"s":{},"f":{},"b":{},"meta":{"lastBranch":0,"lastFunction":0,"lastStatement":0,"seen":{}}}
,"C:\\Users\\camil\\OneDrive\\Área de Trabalho\\estudos\\testes-automatizados\\src\\login\\index.tsx": {"path":"C:\\Users\\camil\\OneDrive\\Área de Trabalho\\estudos\\testes-automatizados\\src\\login\\index.tsx","statementMap":{"0":{"start":{"line":6,"column":10},"end":{"line":6,"column":null}},"1":{"start":{"line":9,"column":8},"end":{"line":9,"column":null}},"2":{"start":{"line":11,"column":8},"end":{"line":11,"column":null}},"3":{"start":{"line":14,"column":4},"end":{"line":23,"column":null}}},"fnMap":{"0":{"name":"Login","decl":{"start":{"line":5,"column":24},"end":{"line":5,"column":32}},"loc":{"start":{"line":5,"column":32},"end":{"line":25,"column":null}},"line":5},"1":{"name":"handleSubmit","decl":{"start":{"line":8,"column":13},"end":{"line":8,"column":26}},"loc":{"start":{"line":8,"column":44},"end":{"line":12,"column":null}},"line":8}},"branchMap":{},"s":{"0":6,"1":1,"2":1,"3":6},"f":{"0":6,"1":1},"b":{},"meta":{"lastBranch":0,"lastFunction":2,"lastStatement":4,"seen":{"f:5:24:5:32":0,"s:6:10:6:Infinity":0,"f:8:13:8:26":1,"s:9:8:9:Infinity":1,"s:11:8:11:Infinity":2,"s:14:4:23:Infinity":3}}}
,"C:\\Users\\camil\\OneDrive\\Área de Trabalho\\estudos\\testes-automatizados\\src\\login\\styles.module.scss": {"path":"C:\\Users\\camil\\OneDrive\\Área de Trabalho\\estudos\\testes-automatizados\\src\\login\\styles.module.scss","statementMap":{},"fnMap":{},"branchMap":{},"s":{},"f":{},"b":{},"meta":{"lastBranch":0,"lastFunction":0,"lastStatement":0,"seen":{}}}
}
